{"@timestamp":"2026-04-06T20:41:06.716877+05:30","@version":"1","message":"Commencing graceful shutdown. Waiting for active requests to complete","logger_name":"org.springframework.boot.web.embedded.tomcat.GracefulShutdown","thread_name":"SpringApplicationShutdownHook","level":"INFO","level_value":20000}
{"@timestamp":"2026-04-06T20:41:06.7234754+05:30","@version":"1","message":"Graceful shutdown complete","logger_name":"org.springframework.boot.web.embedded.tomcat.GracefulShutdown","thread_name":"tomcat-shutdown","level":"INFO","level_value":20000}
{"@timestamp":"2026-04-06T20:41:09.1047002+05:30","@version":"1","message":"Starting UserserviceApplication using Java 23.0.1 with PID 3412 (C:\\Users\\LENOVO\\Downloads\\userservice\\target\\classes started by LENOVO in C:\\Users\\LENOVO\\Downloads\\userservice)","logger_name":"com.loggingTest.userservice.UserserviceApplication","thread_name":"main","level":"INFO","level_value":20000}
{"@timestamp":"2026-04-06T20:41:09.1150074+05:30","@version":"1","message":"No active profile set, falling back to 1 default profile: \"default\"","logger_name":"com.loggingTest.userservice.UserserviceApplication","thread_name":"main","level":"INFO","level_value":20000}
{"@timestamp":"2026-04-06T20:41:09.8042611+05:30","@version":"1","message":"BeanFactory id=2b7ade35-972f-3dec-85c7-20a51a8b511c","logger_name":"org.springframework.cloud.context.scope.GenericScope","thread_name":"main","level":"INFO","level_value":20000}
{"@timestamp":"2026-04-06T20:41:10.140555+05:30","@version":"1","message":"Tomcat initialized with port 8585 (http)","logger_name":"org.springframework.boot.web.embedded.tomcat.TomcatWebServer","thread_name":"main","level":"INFO","level_value":20000}
{"@timestamp":"2026-04-06T20:41:10.1525936+05:30","@version":"1","message":"Initializing ProtocolHandler [\"http-nio-8585\"]","logger_name":"org.apache.coyote.http11.Http11NioProtocol","thread_name":"main","level":"INFO","level_value":20000}
{"@timestamp":"2026-04-06T20:41:10.1555792+05:30","@version":"1","message":"Starting service [Tomcat]","logger_name":"org.apache.catalina.core.StandardService","thread_name":"main","level":"INFO","level_value":20000}
{"@timestamp":"2026-04-06T20:41:10.1555792+05:30","@version":"1","message":"Starting Servlet engine: [Apache Tomcat/10.1.53]","logger_name":"org.apache.catalina.core.StandardEngine","thread_name":"main","level":"INFO","level_value":20000}
{"@timestamp":"2026-04-06T20:41:10.2081901+05:30","@version":"1","message":"Initializing Spring embedded WebApplicationContext","logger_name":"org.apache.catalina.core.ContainerBase.[Tomcat].[localhost].[/]","thread_name":"main","level":"INFO","level_value":20000}
{"@timestamp":"2026-04-06T20:41:10.2091897+05:30","@version":"1","message":"Root WebApplicationContext: initialization completed in 1015 ms","logger_name":"org.springframework.boot.web.servlet.context.ServletWebServerApplicationContext","thread_name":"main","level":"INFO","level_value":20000}
{"@timestamp":"2026-04-06T20:41:10.742966+05:30","@version":"1","message":"Starting ProtocolHandler [\"http-nio-8585\"]","logger_name":"org.apache.coyote.http11.Http11NioProtocol","thread_name":"main","level":"INFO","level_value":20000}
{"@timestamp":"2026-04-06T20:41:10.7649776+05:30","@version":"1","message":"Tomcat started on port 8585 (http) with context path '/'","logger_name":"org.springframework.boot.web.embedded.tomcat.TomcatWebServer","thread_name":"main","level":"INFO","level_value":20000}
{"@timestamp":"2026-04-06T20:41:10.7770723+05:30","@version":"1","message":"Started UserserviceApplication in 2.55 seconds (process running for 3.273)","logger_name":"com.loggingTest.userservice.UserserviceApplication","thread_name":"main","level":"INFO","level_value":20000}
{"@timestamp":"2026-04-06T20:46:32.3040042+05:30","@version":"1","message":"Commencing graceful shutdown. Waiting for active requests to complete","logger_name":"org.springframework.boot.web.embedded.tomcat.GracefulShutdown","thread_name":"SpringApplicationShutdownHook","level":"INFO","level_value":20000}
{"@timestamp":"2026-04-06T20:46:32.3121473+05:30","@version":"1","message":"Graceful shutdown complete","logger_name":"org.springframework.boot.web.embedded.tomcat.GracefulShutdown","thread_name":"tomcat-shutdown","level":"INFO","level_value":20000}
{"@timestamp":"2026-04-06T20:46:35.3692162+05:30","@version":"1","message":"Starting UserserviceApplication using Java 23.0.1 with PID 26872 (C:\\Users\\LENOVO\\Downloads\\userservice\\target\\classes started by LENOVO in C:\\Users\\LENOVO\\Downloads\\userservice)","logger_name":"com.loggingTest.userservice.UserserviceApplication","thread_name":"main","level":"INFO","level_value":20000}
{"@timestamp":"2026-04-06T20:46:35.3811005+05:30","@version":"1","message":"No active profile set, falling back to 1 default profile: \"default\"","logger_name":"com.loggingTest.userservice.UserserviceApplication","thread_name":"main","level":"INFO","level_value":20000}
{"@timestamp":"2026-04-06T20:46:36.2813665+05:30","@version":"1","message":"BeanFactory id=2b7ade35-972f-3dec-85c7-20a51a8b511c","logger_name":"org.springframework.cloud.context.scope.GenericScope","thread_name":"main","level":"INFO","level_value":20000}
{"@timestamp":"2026-04-06T20:46:36.6719524+05:30","@version":"1","message":"Tomcat initialized with port 8585 (http)","logger_name":"org.springframework.boot.web.embedded.tomcat.TomcatWebServer","thread_name":"main","level":"INFO","level_value":20000}
{"@timestamp":"2026-04-06T20:46:36.684427+05:30","@version":"1","message":"Initializing ProtocolHandler [\"http-nio-8585\"]","logger_name":"org.apache.coyote.http11.Http11NioProtocol","thread_name":"main","level":"INFO","level_value":20000}
{"@timestamp":"2026-04-06T20:46:36.6889716+05:30","@version":"1","message":"Starting service [Tomcat]","logger_name":"org.apache.catalina.core.StandardService","thread_name":"main","level":"INFO","level_value":20000}
{"@timestamp":"2026-04-06T20:46:36.6889716+05:30","@version":"1","message":"Starting Servlet engine: [Apache Tomcat/10.1.53]","logger_name":"org.apache.catalina.core.StandardEngine","thread_name":"main","level":"INFO","level_value":20000}
{"@timestamp":"2026-04-06T20:46:36.7538432+05:30","@version":"1","message":"Initializing Spring embedded WebApplicationContext","logger_name":"org.apache.catalina.core.ContainerBase.[Tomcat].[localhost].[/]","thread_name":"main","level":"INFO","level_value":20000}
{"@timestamp":"2026-04-06T20:46:36.754837+05:30","@version":"1","message":"Root WebApplicationContext: initialization completed in 1278 ms","logger_name":"org.springframework.boot.web.servlet.context.ServletWebServerApplicationContext","thread_name":"main","level":"INFO","level_value":20000}
{"@timestamp":"2026-04-06T20:46:37.427702+05:30","@version":"1","message":"Starting ProtocolHandler [\"http-nio-8585\"]","logger_name":"org.apache.coyote.http11.Http11NioProtocol","thread_name":"main","level":"INFO","level_value":20000}
{"@timestamp":"2026-04-06T20:46:37.4544499+05:30","@version":"1","message":"Tomcat started on port 8585 (http) with context path '/'","logger_name":"org.springframework.boot.web.embedded.tomcat.TomcatWebServer","thread_name":"main","level":"INFO","level_value":20000}
{"@timestamp":"2026-04-06T20:46:37.4691699+05:30","@version":"1","message":"Started UserserviceApplication in 3.214 seconds (process running for 4.013)","logger_name":"com.loggingTest.userservice.UserserviceApplication","thread_name":"main","level":"INFO","level_value":20000}
{"@timestamp":"2026-04-06T22:46:32.305471+05:30","@version":"1","message":"Commencing graceful shutdown. Waiting for active requests to complete","logger_name":"org.springframework.boot.web.embedded.tomcat.GracefulShutdown","thread_name":"SpringApplicationShutdownHook","level":"INFO","level_value":20000}
{"@timestamp":"2026-04-06T22:46:32.3608102+05:30","@version":"1","message":"Graceful shutdown complete","logger_name":"org.springframework.boot.web.embedded.tomcat.GracefulShutdown","thread_name":"tomcat-shutdown","level":"INFO","level_value":20000}
{"@timestamp":"2026-04-06T23:07:40.7308747+05:30","@version":"1","message":"Starting UserserviceApplication using Java 23.0.1 with PID 14188 (C:\\Users\\LENOVO\\Downloads\\userservice\\target\\classes started by LENOVO in C:\\Users\\LENOVO\\Downloads\\userservice)","logger_name":"com.loggingTest.userservice.UserserviceApplication","thread_name":"main","level":"INFO","level_value":20000}
{"@timestamp":"2026-04-06T23:07:40.7762131+05:30","@version":"1","message":"No active profile set, falling back to 1 default profile: \"default\"","logger_name":"com.loggingTest.userservice.UserserviceApplication","thread_name":"main","level":"INFO","level_value":20000}
{"@timestamp":"2026-04-06T23:07:43.1512376+05:30","@version":"1","message":"BeanFactory id=2b7ade35-972f-3dec-85c7-20a51a8b511c","logger_name":"org.springframework.cloud.context.scope.GenericScope","thread_name":"main","level":"INFO","level_value":20000}
{"@timestamp":"2026-04-06T23:07:44.0507047+05:30","@version":"1","message":"Tomcat initialized with port 8585 (http)","logger_name":"org.springframework.boot.web.embedded.tomcat.TomcatWebServer","thread_name":"main","level":"INFO","level_value":20000}
{"@timestamp":"2026-04-06T23:07:44.0826118+05:30","@version":"1","message":"Initializing ProtocolHandler [\"http-nio-8585\"]","logger_name":"org.apache.coyote.http11.Http11NioProtocol","thread_name":"main","level":"INFO","level_value":20000}
{"@timestamp":"2026-04-06T23:07:44.0915718+05:30","@version":"1","message":"Starting service [Tomcat]","logger_name":"org.apache.catalina.core.StandardService","thread_name":"main","level":"INFO","level_value":20000}
{"@timestamp":"2026-04-06T23:07:44.0915718+05:30","@version":"1","message":"Starting Servlet engine: [Apache Tomcat/10.1.53]","logger_name":"org.apache.catalina.core.StandardEngine","thread_name":"main","level":"INFO","level_value":20000}
{"@timestamp":"2026-04-06T23:07:44.2560158+05:30","@version":"1","message":"Initializing Spring embedded WebApplicationContext","logger_name":"org.apache.catalina.core.ContainerBase.[Tomcat].[localhost].[/]","thread_name":"main","level":"INFO","level_value":20000}
{"@timestamp":"2026-04-06T23:07:44.2590518+05:30","@version":"1","message":"Root WebApplicationContext: initialization completed in 3307 ms","logger_name":"org.springframework.boot.web.servlet.context.ServletWebServerApplicationContext","thread_name":"main","level":"INFO","level_value":20000}
{"@timestamp":"2026-04-06T23:07:46.0222981+05:30","@version":"1","message":"Starting ProtocolHandler [\"http-nio-8585\"]","logger_name":"org.apache.coyote.http11.Http11NioProtocol","thread_name":"main","level":"INFO","level_value":20000}
{"@timestamp":"2026-04-06T23:07:46.1171584+05:30","@version":"1","message":"Tomcat started on port 8585 (http) with context path '/'","logger_name":"org.springframework.boot.web.embedded.tomcat.TomcatWebServer","thread_name":"main","level":"INFO","level_value":20000}
{"@timestamp":"2026-04-06T23:07:46.5544155+05:30","@version":"1","message":"Started UserserviceApplication in 9.052 seconds (process running for 11.866)","logger_name":"com.loggingTest.userservice.UserserviceApplication","thread_name":"main","level":"INFO","level_value":20000}
{"@timestamp":"2026-04-06T23:15:57.2875116+05:30","@version":"1","message":"Commencing graceful shutdown. Waiting for active requests to complete","logger_name":"org.springframework.boot.web.embedded.tomcat.GracefulShutdown","thread_name":"SpringApplicationShutdownHook","level":"INFO","level_value":20000}
{"@timestamp":"2026-04-06T23:15:57.3422786+05:30","@version":"1","message":"Graceful shutdown complete","logger_name":"org.springframework.boot.web.embedded.tomcat.GracefulShutdown","thread_name":"tomcat-shutdown","level":"INFO","level_value":20000}
